<?xml version="1.0" encoding="UTF-8"?>
<beans xmlns="http://www.springframework.org/schema/beans"
       xmlns:xsi="http://www.w3.org/2001/XMLSchema-instance"
       xmlns:context="http://www.springframework.org/schema/context"
       xmlns:cxf="http://cxf.apache.org/core"
       xsi:schemaLocation="http://www.springframework.org/schema/beans
       http://www.springframework.org/schema/beans/spring-beans.xsd
       http://cxf.apache.org/jaxrs http://cxf.apache.org/schemas/jaxrs.xsd
       http://www.springframework.org/schema/context
       http://www.springframework.org/schema/context/spring-context-3.1.xsd
       http://cxf.apache.org/core
       http://cxf.apache.org/schemas/core.xsd"
       default-lazy-init="false" xmlns:jaxrs="http://cxf.apache.org/jaxrs">

    <context:annotation-config/>

    <import resource="classpath:META-INF/cxf/cxf.xml"/>
    <import resource="classpath:META-INF/cxf/cxf-servlet.xml"/>
    <import resource="classpath:META-INF/cxf/cxf-extension-http-jetty.xml"/>
    <import resource="classpath:META-INF/test-context.xml"/>

    <jaxrs:client id="product-service" address="/" serviceClass="com.parthparekh.ProductWebService">
   		<jaxrs:headers>
   			<entry key="Accept" value="application/json"></entry>
   		</jaxrs:headers>
   	</jaxrs:client>

    <jaxrs:server id="product-service" address="/">
        <jaxrs:serviceBeans>
            <ref bean="productWebService"/>
        </jaxrs:serviceBeans>
        <jaxrs:providers>
            <bean class="org.codehaus.jackson.jaxrs.JacksonJaxbJsonProvider">
                <property name="mapper" ref="defaultObjectMapper"/>
            </bean>
            <bean class="com.parthparekh.service.exception.NoDataFoundExceptionMapper"/>
            <bean class="com.parthparekh.service.exception.WebApplicationExceptionMapper"/>
            <bean class="com.parthparekh.service.exception.JsonParseExceptionMapper"/>
            <bean class="com.parthparekh.service.exception.IllegalArgumentExceptionMapper"/>
            <bean class="com.parthparekh.service.exception.RuntimeExceptionMapper"/>
        </jaxrs:providers>
        <jaxrs:features>
            <cxf:logging limit="1024"/>
        </jaxrs:features>
    </jaxrs:server>

    <bean id="logInbound" class="org.apache.cxf.interceptor.LoggingInInterceptor" />
    <bean id="logOutbound" class="org.apache.cxf.interceptor.LoggingOutInterceptor" />

</beans>