<?xml version="1.0" encoding="UTF-8"?>
<beans xmlns="http://www.springframework.org/schema/beans"
       xmlns:xsi="http://www.w3.org/2001/XMLSchema-instance"
       xmlns:mongo="http://www.springframework.org/schema/data/mongo"
       xmlns:context="http://www.springframework.org/schema/context"
       xsi:schemaLocation="http://www.springframework.org/schema/beans
       http://www.springframework.org/schema/beans/spring-beans-3.0.xsd
       http://www.springframework.org/schema/data/mongo
       http://www.springframework.org/schema/data/mongo/spring-mongo.xsd
       http://www.springframework.org/schema/context
       http://www.springframework.org/schema/context/spring-context-3.1.xsd">

    <context:component-scan base-package="com.parthparekh">
        <context:exclude-filter type="regex" expression="com\.parthparekh\.service\.ServiceConfiguration*" />
    </context:component-scan>

    <bean id="propertyPlaceholderConfigurer"
          class="org.springframework.beans.factory.config.PropertyPlaceholderConfigurer">
        <property name="locations">
            <list>
                <value>classpath:/test-configuration.properties</value>
            </list>
        </property>
        <property name="ignoreResourceNotFound" value="true"/>
    </bean>

    <mongo:repositories base-package="com.parthparekh.service" mongo-template-ref="productMongoTemplate" />

    <bean id="cacheManager" class="org.springframework.cache.ehcache.EhCacheManagerFactoryBean">
       	<property name="configLocation" value="classpath:/META-INF/test-ehcache.xml"/>
   	</bean>

</beans>